1481367213284	geckodriver	INFO	Listening on 127.0.0.1:57002
1481367215276	mozprofile::profile	INFO	Using profile path C:\Users\IBRAHI~1\AppData\Local\Temp\rust_mozprofile.2L8hA3atWWWj
1481367215280	geckodriver::marionette	INFO	Starting browser C:\Program Files (x86)\Mozilla Firefox\firefox.exe
1481367215287	geckodriver::marionette	INFO	Connecting to Marionette on localhost:57009
1481367215823	Marionette	INFO	Listening on port 57009
[Child 11820] WARNING: pipe error: 109: file c:/builds/moz2_slave/m-rel-w32-00000000000000000000/build/src/ipc/chromium/src/chrome/common/ipc_channel_win.cc, line 346
n.adsafeprotected.com/sca.js, line 1: SyntaxError: for-in loop head declarations may not have initializers
JavaScript error: http://adadvisor.net/adscores/g.js?sid=9276253823, line 1: SyntaxError: expected expression, got '<'
JavaScript error: http://adadvisor.net/adscores/g.js?sid=9276253823, line 1: SyntaxError: expected expression, got '<'
JavaScript warning: https://cdn.adsafeprotected.com/sca.js, line 1: SyntaxError: for-in loop head declarations may not have initializers
JavaScript error: http://adadvisor.net/adscores/g.js?sid=9276253823, line 1: SyntaxError: expected expression, got '<'
JavaScript error: http://adadvisor.net/adscores/g.js?sid=9276253823, line 1: SyntaxError: expected expression, got '<'
JavaScript error: http://adadvisor.net/adscores/g.js?sid=9276253823, line 1: SyntaxError: expected expression, got '<'
JavaScript warning: https://cdn.adsafeprotected.com/sca.js, line 1: SyntaxError: for-in loop head declarations may not have initializers
JavaScript error: , line 0: Error: Permission denied to access property "href"
JavaScript error: http://c2.rfihub.net/static/js/vw_min-0.4.js, line 1: TypeError: e.contains is not a function
JavaScript error: http://adadvisor.net/adscores/g.js?sid=9276253823, line 1: SyntaxError: expected expression, got '<'
JavaScript error: http://adadvisor.net/adscores/g.js?sid=9276253823, line 1: SyntaxError: expected expression, got '<'
JavaScript error: http://adadvisor.net/adscores/g.js?sid=9276253823, line 1: SyntaxError: expected expression, got '<'
JavaScript error: http://c2.rfihub.net/static/js/vw_min-0.4.js, line 1: TypeError: e.contains is not a function
JavaScript error: http://c2.rfihub.net/static/js/vw_min-0.4.js, line 1: TypeError: e.contains is not a function
JavaScript error: http://dpm.demdex.net/ibs:dpid=96678&dpuuid=2ildOORZj2Aw, line 1: SyntaxError: illegal character
JavaScript error: , line 0: Error: Permission denied to access property "href"
JavaScript error: http://dpm.demdex.net/ibs:dpid=96678&dpuuid=2ildOORZj2Aw, line 1: SyntaxError: illegal character
JavaScript error: javascript:"<html><body%20style='margin:0;'><script%20type='text/javascript'%20src='http://zt.1rx.io/?pub=AdKarma&placement=AC-Legacy_MyTurfAds_Display_160x600_0-05_RON'></script></body></html>", line 9: ReferenceError: _qevents is not defined
JavaScript error: , line 0: Error: Permission denied to access property "href"
JavaScript error: https://sdk.vindicosuite.com/verify/latest/verify.js?event=1&iid=SM__adt__439709385594914813659361018840203&pid=0&lid=0&clid=3&aid=0&cid=0&crid=0&pt=3&ppid=1&pioid=&pbkid=288617&pcid=893110&plid=439709&dur=0&adw=728&adh=90&uebu=https%3A%2F%2Fx.vindicosuite.com%2Fevent%2F%3Fe%3D%24SUGR_CUSTOM_EVENT_ID%24%3Bl%3D439709%3Bb%3D3855949%3Bc%3D893110%3Bsmuid%3D%3Bmsd%3D%3Bta%3D1481365936%3Btk%3D19192%3Bcr%3D2686490657%3Bad%3DCJ3rGhCQ6QsY5gsgASgEMLqJATiYjwFA6c4RSJ%252B3D1C2wTZYzazrAWAAaNCTIHABeAGIAQCQAQCYAQCiARMxODc5MjcyMDA0OTEyMzA2OTAzsgEIQ1JFQVRJVkW4AQDAAQDIAQDQAQDYAQDoAYa2qcKOKw%253D%253D%3Bxid%3D1879272004912306903%3Bdcr%3D1%3Beav%3D%24SUGR_EVENT_ARGUMENT%24%3B%24SUGR_EVENT_PARAM%24%3Beov%3D%24SUGR_EVENT_OBJ%24%3Bmpws%3D%24SUGR_AD_WIDTH%24%3Bmphs%3D%24SUGR_AD_HEIGHT%24%3Bdsd%3D%24SUGR_DETERMINED_DOMAIN%24%3Bsnvs%3D%24SNAP_IN_VIEW%24%3Bsls%3D%24APP_SUGR_LOCATION%24%3Bsvn%3D%24APP_SUGR_VERSION%24%3Bals%3D%24APP_ADT_LOCATION%24%3Bavn%3D%24APP_ADT_VERSION%24%3Bspr%3D%24SUGR_QUERY_PARAMETERS%24&rn=1481365936&vsel=1, line 3: NS_ERROR_FAILURE: 
JavaScript error: javascript:"<html><body%20style='margin:0;'><script%20type='text/javascript'%20src='http://zt.1rx.io/?pub=AdKarma&placement=AC-Legacy_MyTurfAds_Display_728x90_0-05_RON'></script></body></html>", line 44: ReferenceError: _qevents is not defined
JavaScript error: , line 0: Error: Permission denied to access property "href"
JavaScript warning: http://cdn2.dashbida.com/prod/db/current/ads.js, line 3380: unreachable code after return statement
JavaScript error: , line 0: Error: Permission denied to access property "href"
JavaScript warning: http://cdn2.dashbida.com/prod/db/current/ads.js, line 3380: unreachable code after return statement
JavaScript error: http://r.sascdn.com/video/controller.js?nwid=2148, line 356: TypeError: a is undefined
JavaScript error: , line 0: Error: Permission denied to access property "href"
JavaScript warning: http://cdn2.dashbida.com/prod/db/current/ads.js, line 3380: unreachable code after return statement
IPDL protocol error: Handler returned error code!

###!!! [Child][DispatchInterruptMessage] Error: (msgtype=0xB80006,name=PPluginInstance::Msg_NPP_SetWindow) Processing error: message was deserialized, but the handler returned false (indicating failure)

JavaScript error: http://r.sascdn.com/video/controller.js?nwid=1649, line 356: TypeError: a is undefined
JavaScript error: http://ad.lkqd.net/vpaid/vpaid.js, line 1: TypeError: A2[p1r.I5z] is null
JavaScript warning: http://cdn2.dashbida.com/prod/db/current/ads.js, line 3380: unreachable code after return statement
JavaScript error: http://r.sascdn.com/video/controller.js?nwid=1649, line 356: TypeError: a is undefined
JavaScript error: , line 0: Error: Permission denied to access property "href"
JavaScript error: http://pubads.g.doubleclick.net/gampad/ads?gdfp_req=1&correlator=1072271269353072&output=json_html&callback=callbackProxy&impl=fif&eid=108809047%2C108809046&sc=0&sfv=1-0-2&iu=%2F18777173%2F270_160x600_ROS&sz=160x600&cookie_enabled=1&lmt=1481366270&dt=1481366270843&cc=42&frm=20&biw=1251&bih=949&oid=3&adx=926&ady=257&adk=2361172588&gut=v2&ifi=2&u_tz=-300&u_his=32&u_java=true&u_h=1440&u_w=3440&u_ah=1400&u_aw=3440&u_cd=24&u_nplug=21&u_nmime=84&u_sd=1&flash=23.0.0&url=http%3A%2F%2Fwww.270towin.com%2F1952_Election%2F&vrg=63&vrp=63&ga_vid=951749914.1481365895&ga_sid=1481365895&ga_hid=781060600&ga_fc=true, line 29: TypeError: window.frameElement is null
JavaScript error: chrome://marionette/content/listener.js, line 999: NS_ERROR_FAILURE: Component returned failure code: 0x80004005 (NS_ERROR_FAILURE) [nsIWebProgress.removeProgressListener]
JavaScript error: , line 0: Error: Permission denied to access property "href"
JavaScript error: , line 0: Error: Permission denied to access property "href"
JavaScript warning: http://cdn2.dashbida.com/prod/db/current/ads.js, line 3380: unreachable code after return statement
JavaScript warning: https://cdn.adsafeprotected.com/sca.js, line 1: SyntaxError: for-in loop head declarations may not have initializers
JavaScript warning: http://cdn2.dashbida.com/prod/db/current/ads.js, line 3380: unreachable code after return statement
JavaScript error: http://www.270towin.com/1872_Election/, line 0: TypeError: o1 is null
JavaScript error: http://r.sascdn.com/video/controller.js?nwid=2148, line 356: TypeError: a is undefined
JavaScript error: http://ad.lkqd.net/vpaid/vpaid.js, line 1: TypeError: A2[p1r.I5z] is null
JavaScript warning: http://cdn2.dashbida.com/prod/db/current/ads.js, line 3380: unreachable code after return statement
JavaScript error: http://redir.adap.tv/redir/javascript/adaptvInfo.js, line 1: Error: Error calling method on NPObject!
JavaScript error: http://redir.adap.tv/redir/javascript/adaptvInfo.js, line 1: Error: Error calling method on NPObject!
JavaScript error: http://r.sascdn.com/video/controller.js?nwid=2148, line 356: TypeError: a is undefined
JavaScript error: http://ad.lkqd.net/vpaid/vpaid.js, line 1: TypeError: A2[p1r.I5z] is null
JavaScript error: http://ad.lkqd.net/vpaid/vpaid.js, line 1: TypeError: A2[p1r.I5z] is null
JavaScript error: chrome://marionette/content/listener.js, line 999: NS_ERROR_FAILURE: Component returned failure code: 0x80004005 (NS_ERROR_FAILURE) [nsIWebProgress.removeProgressListener]
JavaScript warning: http://cdn2.dashbida.com/prod/db/current/ads.js, line 3380: unreachable code after return statement
JavaScript error: http://r.sascdn.com/video/controller.js?nwid=2148, line 356: TypeError: a is undefined
JavaScript error: , line 0: Error: Permission denied to access property "href"
JavaScript warning: https://cdn.adsafeprotected.com/sca.js, line 1: SyntaxError: for-in loop head declarations may not have initializers
JavaScript error: , line 0: Error: Permission denied to access property "href"
JavaScript warning: http://cdn2.dashbida.com/prod/db/current/ads.js, line 3380: unreachable code after return statement
JavaScript error: http://r.sascdn.com/video/controller.js?nwid=2148, line 356: TypeError: a is undefined
JavaScript error: , line 0: Error: Permission denied to access property "href"
JavaScript warning: https://cdn.adsafeprotected.com/sca.js, line 1: SyntaxError: for-in loop head declarations may not have initializers
JavaScript error: javascript:"<html><body%20style='margin:0;'><script%20type='text/javascript'%20src='http://zt.1rx.io/?pub=AdKarma&placement=AC-Legacy_MyTurfAds_Display_160x600_0-05_RON'></script></body></html>", line 18: SyntaxError: expected expression, got '%'
JavaScript error: https://s0.2mdn.net/3470166/1476479856556/index.html, line 286: TypeError: document.getElementById(...) is null
JavaScript warning: https://cdn.adsafeprotected.com/sca.js, line 1: SyntaxError: for-in loop head declarations may not have initializers
JavaScript error: , line 0: Error: Permission denied to access property "href"

###!!! [Child][OnMaybeDequeueOne] Error: Channel closing: too late to send/recv, messages will be lost


###!!! [Child][OnMaybeDequeueOne] Error: Channel closing: too late to send/recv, messages will be lost


###!!! [Child][OnMaybeDequeueOne] Error: Channel closing: too late to send/recv, messages will be lost


###!!! [Child][OnMaybeDequeueOne] Error: Channel closing: too late to send/recv, messages will be lost


###!!! [Child][OnMaybeDequeueOne] Error: Channel closing: too late to send/recv, messages will be lost


###!!! [Child][MessageChannel] Error: (msgtype=0x8E0007,name=PHttpChannel::Msg_Cancel) Channel closing: too late to send/recv, messages will be lost


###!!! [Child][MessageChannel] Error: (msgtype=0x8E0007,name=PHttpChannel::Msg_Cancel) Channel closing: too late to send/recv, messages will be lost


###!!! [Child][MessageChannel] Error: (msgtype=0x8E0007,name=PHttpChannel::Msg_Cancel) Channel closing: too late to send/recv, messages will be lost


###!!! [Child][MessageChannel] Error: (msgtype=0x8E0007,name=PHttpChannel::Msg_Cancel) Channel closing: too late to send/recv, messages will be lost


###!!! [Child][MessageChannel] Error: (msgtype=0x8E0007,name=PHttpChannel::Msg_Cancel) Channel closing: too late to send/recv, messages will be lost


###!!! [Child][MessageChannel] Error: (msgtype=0x4A011A,name=PContent::Msg_AsyncMessage) Channel closing: too late to send/recv, messages will be lost

JavaScript error: chrome://global/content/process-content.js, line 51: NS_ERROR_UNEXPECTED: Component returned failure code: 0x8000ffff (NS_ERROR_UNEXPECTED) [nsIMessageSender.sendAsyncMessage]

###!!! [Child][MessageChannel] Error: (msgtype=0x4A011A,name=PContent::Msg_AsyncMessage) Channel closing: too late to send/recv, messages will be lost

JavaScript error: chrome://global/content/process-content.js, line 51: NS_ERROR_UNEXPECTED: Component returned failure code: 0x8000ffff (NS_ERROR_UNEXPECTED) [nsIMessageSender.sendAsyncMessage]

###!!! [Child][MessageChannel] Error: (msgtype=0x4A011A,name=PContent::Msg_AsyncMessage) Channel closing: too late to send/recv, messages will be lost

JavaScript error: chrome://global/content/process-content.js, line 51: NS_ERROR_UNEXPECTED: Component returned failure code: 0x8000ffff (NS_ERROR_UNEXPECTED) [nsIMessageSender.sendAsyncMessage]

###!!! [Child][MessageChannel] Error: (msgtype=0x4A011A,name=PContent::Msg_AsyncMessage) Channel closing: too late to send/recv, messages will be lost

JavaScript error: chrome://global/content/process-content.js, line 51: NS_ERROR_UNEXPECTED: Component returned failure code: 0x8000ffff (NS_ERROR_UNEXPECTED) [nsIMessageSender.sendAsyncMessage]

###!!! [Child][MessageChannel] Error: (msgtype=0x4A011A,name=PContent::Msg_AsyncMessage) Channel closing: too late to send/recv, messages will be lost

JavaScript error: chrome://global/content/process-content.js, line 51: NS_ERROR_UNEXPECTED: Component returned failure code: 0x8000ffff (NS_ERROR_UNEXPECTED) [nsIMessageSender.sendAsyncMessage]

###!!! [Child][MessageChannel] Error: (msgtype=0x4A011A,name=PContent::Msg_AsyncMessage) Channel closing: too late to send/recv, messages will be lost

JavaScript error: chrome://global/content/process-content.js, line 51: NS_ERROR_UNEXPECTED: Component returned failure code: 0x8000ffff (NS_ERROR_UNEXPECTED) [nsIMessageSender.sendAsyncMessage]

###!!! [Child][MessageChannel] Error: (msgtype=0x4A011A,name=PContent::Msg_AsyncMessage) Channel closing: too late to send/recv, messages will be lost

JavaScript error: chrome://global/content/process-content.js, line 51: NS_ERROR_UNEXPECTED: Component returned failure code: 0x8000ffff (NS_ERROR_UNEXPECTED) [nsIMessageSender.sendAsyncMessage]

###!!! [Child][MessageChannel] Error: (msgtype=0x4A011A,name=PContent::Msg_AsyncMessage) Channel closing: too late to send/recv, messages will be lost

JavaScript error: chrome://global/content/process-content.js, line 51: NS_ERROR_UNEXPECTED: Component returned failure code: 0x8000ffff (NS_ERROR_UNEXPECTED) [nsIMessageSender.sendAsyncMessage]

###!!! [Child][MessageChannel] Error: (msgtype=0x4A011A,name=PContent::Msg_AsyncMessage) Channel closing: too late to send/recv, messages will be lost

JavaScript error: chrome://global/content/process-content.js, line 51: NS_ERROR_UNEXPECTED: Component returned failure code: 0x8000ffff (NS_ERROR_UNEXPECTED) [nsIMessageSender.sendAsyncMessage]

###!!! [Child][MessageChannel] Error: (msgtype=0x4A011A,name=PContent::Msg_AsyncMessage) Channel closing: too late to send/recv, messages will be lost

JavaScript error: chrome://global/content/process-content.js, line 51: NS_ERROR_UNEXPECTED: Component returned failure code: 0x8000ffff (NS_ERROR_UNEXPECTED) [nsIMessageSender.sendAsyncMessage]

###!!! [Child][MessageChannel] Error: (msgtype=0x4A011A,name=PContent::Msg_AsyncMessage) Channel closing: too late to send/recv, messages will be lost

JavaScript error: chrome://global/content/process-content.js, line 51: NS_ERROR_UNEXPECTED: Component returned failure code: 0x8000ffff (NS_ERROR_UNEXPECTED) [nsIMessageSender.sendAsyncMessage]

###!!! [Child][MessageChannel] Error: (msgtype=0x4A011A,name=PContent::Msg_AsyncMessage) Channel closing: too late to send/recv, messages will be lost

JavaScript error: chrome://global/content/process-content.js, line 51: NS_ERROR_UNEXPECTED: Component returned failure code: 0x8000ffff (NS_ERROR_UNEXPECTED) [nsIMessageSender.sendAsyncMessage]

###!!! [Child][MessageChannel] Error: (msgtype=0x4A011A,name=PContent::Msg_AsyncMessage) Channel closing: too late to send/recv, messages will be lost

JavaScript error: chrome://global/content/process-content.js, line 51: NS_ERROR_UNEXPECTED: Component returned failure code: 0x8000ffff (NS_ERROR_UNEXPECTED) [nsIMessageSender.sendAsyncMessage]

###!!! [Child][MessageChannel] Error: (msgtype=0x4A011A,name=PContent::Msg_AsyncMessage) Channel closing: too late to send/recv, messages will be lost

JavaScript error: chrome://global/content/process-content.js, line 51: NS_ERROR_UNEXPECTED: Component returned failure code: 0x8000ffff (NS_ERROR_UNEXPECTED) [nsIMessageSender.sendAsyncMessage]

###!!! [Child][MessageChannel] Error: (msgtype=0x4A011A,name=PContent::Msg_AsyncMessage) Channel closing: too late to send/recv, messages will be lost

JavaScript error: chrome://global/content/process-content.js, line 51: NS_ERROR_UNEXPECTED: Component returned failure code: 0x8000ffff (NS_ERROR_UNEXPECTED) [nsIMessageSender.sendAsyncMessage]

###!!! [Child][MessageChannel] Error: (msgtype=0x4A011A,name=PContent::Msg_AsyncMessage) Channel closing: too late to send/recv, messages will be lost

JavaScript error: chrome://global/content/process-content.js, line 51: NS_ERROR_UNEXPECTED: Component returned failure code: 0x8000ffff (NS_ERROR_UNEXPECTED) [nsIMessageSender.sendAsyncMessage]

###!!! [Child][MessageChannel] Error: (msgtype=0x4A011A,name=PContent::Msg_AsyncMessage) Channel closing: too late to send/recv, messages will be lost

JavaScript error: chrome://global/content/process-content.js, line 51: NS_ERROR_UNEXPECTED: Component returned failure code: 0x8000ffff (NS_ERROR_UNEXPECTED) [nsIMessageSender.sendAsyncMessage]

###!!! [Child][MessageChannel] Error: (msgtype=0x4A011A,name=PContent::Msg_AsyncMessage) Channel closing: too late to send/recv, messages will be lost

JavaScript error: chrome://global/content/process-content.js, line 51: NS_ERROR_UNEXPECTED: Component returned failure code: 0x8000ffff (NS_ERROR_UNEXPECTED) [nsIMessageSender.sendAsyncMessage]

###!!! [Child][MessageChannel] Error: (msgtype=0x4A011A,name=PContent::Msg_AsyncMessage) Channel closing: too late to send/recv, messages will be lost

JavaScript error: chrome://global/content/process-content.js, line 51: NS_ERROR_UNEXPECTED: Component returned failure code: 0x8000ffff (NS_ERROR_UNEXPECTED) [nsIMessageSender.sendAsyncMessage]
[NPAPI 8792] WARNING: pipe error: 109: file c:/builds/moz2_slave/m-rel-w32-00000000000000000000/build/src/ipc/chromium/src/chrome/common/ipc_channel_win.cc, line 346

###!!! [Child][OnMaybeDequeueOne] Error: Channel closing: too late to send/recv, messages will be lost


###!!! [Child][MessageChannel] Error: (msgtype=0x4A011A,name=PContent::Msg_AsyncMessage) Channel closing: too late to send/recv, messages will be lost

JavaScript error: chrome://global/content/process-content.js, line 51: NS_ERROR_UNEXPECTED: Component returned failure code: 0x8000ffff (NS_ERROR_UNEXPECTED) [nsIMessageSender.sendAsyncMessage]

###!!! [Child][MessageChannel] Error: (msgtype=0x4A011A,name=PContent::Msg_AsyncMessage) Channel closing: too late to send/recv, messages will be lost

JavaScript error: chrome://global/content/process-content.js, line 51: NS_ERROR_UNEXPECTED: Component returned failure code: 0x8000ffff (NS_ERROR_UNEXPECTED) [nsIMessageSender.sendAsyncMessage]

###!!! [Child][MessageChannel] Error: (msgtype=0x4A011A,name=PContent::Msg_AsyncMessage) Channel closing: too late to send/recv, messages will be lost

JavaScript error: chrome://global/content/process-content.js, line 51: NS_ERROR_UNEXPECTED: Component returned failure code: 0x8000ffff (NS_ERROR_UNEXPECTED) [nsIMessageSender.sendAsyncMessage]

###!!! [Child][MessageChannel] Error: (msgtype=0x4A011A,name=PContent::Msg_AsyncMessage) Channel closing: too late to send/recv, messages will be lost

JavaScript error: chrome://global/content/process-content.js, line 51: NS_ERROR_UNEXPECTED: Component returned failure code: 0x8000ffff (NS_ERROR_UNEXPECTED) [nsIMessageSender.sendAsyncMessage]

###!!! [Child][MessageChannel] Error: (msgtype=0x4A011A,name=PContent::Msg_AsyncMessage) Channel closing: too late to send/recv, messages will be lost

JavaScript error: chrome://global/content/process-content.js, line 51: NS_ERROR_UNEXPECTED: Component returned failure code: 0x8000ffff (NS_ERROR_UNEXPECTED) [nsIMessageSender.sendAsyncMessage]

###!!! [Child][MessageChannel] Error: (msgtype=0x4A011A,name=PContent::Msg_AsyncMessage) Channel closing: too late to send/recv, messages will be lost

JavaScript error: chrome://global/content/process-content.js, line 51: NS_ERROR_UNEXPECTED: Component returned failure code: 0x8000ffff (NS_ERROR_UNEXPECTED) [nsIMessageSender.sendAsyncMessage]

###!!! [Child][MessageChannel] Error: (msgtype=0x4A011A,name=PContent::Msg_AsyncMessage) Channel closing: too late to send/recv, messages will be lost

JavaScript error: chrome://global/content/process-content.js, line 51: NS_ERROR_UNEXPECTED: Component returned failure code: 0x8000ffff (NS_ERROR_UNEXPECTED) [nsIMessageSender.sendAsyncMessage]

###!!! [Child][MessageChannel] Error: (msgtype=0x4A011A,name=PContent::Msg_AsyncMessage) Channel closing: too late to send/recv, messages will be lost

JavaScript error: chrome://global/content/process-content.js, line 51: NS_ERROR_UNEXPECTED: Component returned failure code: 0x8000ffff (NS_ERROR_UNEXPECTED) [nsIMessageSender.sendAsyncMessage]

###!!! [Child][MessageChannel] Error: (msgtype=0x4A011A,name=PContent::Msg_AsyncMessage) Channel closing: too late to send/recv, messages will be lost

JavaScript error: chrome://global/content/process-content.js, line 51: NS_ERROR_UNEXPECTED: Component returned failure code: 0x8000ffff (NS_ERROR_UNEXPECTED) [nsIMessageSender.sendAsyncMessage]

###!!! [Parent][MessageChannel::Call] Error: Channel error: cannot send/recv


###!!! [Parent][MessageChannel::Call] Error: (msgtype=0xB80001,name=PPluginInstance::Msg___delete__) Channel error: cannot send/recv


###!!! [Parent][MessageChannel::Call] Error: (msgtype=0xB80023,name=PPluginInstance::Msg_NPP_Destroy) Channel error: cannot send/recv


###!!! [Parent][MessageChannel::Call] Error: (msgtype=0xB80001,name=PPluginInstance::Msg___delete__) Channel error: cannot send/recv


###!!! [Parent][MessageChannel::Call] Error: (msgtype=0xB80023,name=PPluginInstance::Msg_NPP_Destroy) Channel error: cannot send/recv


###!!! [Parent][MessageChannel::Call] Error: (msgtype=0xB80001,name=PPluginInstance::Msg___delete__) Channel error: cannot send/recv


###!!! [Parent][MessageChannel::Call] Error: (msgtype=0xB80023,name=PPluginInstance::Msg_NPP_Destroy) Channel error: cannot send/recv


###!!! [Parent][MessageChannel::Call] Error: (msgtype=0xB80001,name=PPluginInstance::Msg___delete__) Channel error: cannot send/recv


###!!! [Parent][MessageChannel::Call] Error: (msgtype=0xB80023,name=PPluginInstance::Msg_NPP_Destroy) Channel error: cannot send/recv


###!!! [Parent][MessageChannel::Call] Error: (msgtype=0xB80001,name=PPluginInstance::Msg___delete__) Channel error: cannot send/recv


###!!! [Parent][MessageChannel::Call] Error: (msgtype=0xB80023,name=PPluginInstance::Msg_NPP_Destroy) Channel error: cannot send/recv


###!!! [Parent][MessageChannel::Call] Error: (msgtype=0xB80001,name=PPluginInstance::Msg___delete__) Channel error: cannot send/recv


###!!! [Parent][MessageChannel::Call] Error: (msgtype=0xB80023,name=PPluginInstance::Msg_NPP_Destroy) Channel error: cannot send/recv


###!!! [Parent][MessageChannel::Call] Error: (msgtype=0xB80001,name=PPluginInstance::Msg___delete__) Channel error: cannot send/recv


###!!! [Child][MessageChannel] Error: (msgtype=0x4A011A,name=PContent::Msg_AsyncMessage) Channel closing: too late to send/recv, messages will be lost

JavaScript error: chrome://global/content/process-content.js, line 51: NS_ERROR_UNEXPECTED: Component returned failure code: 0x8000ffff (NS_ERROR_UNEXPECTED) [nsIMessageSender.sendAsyncMessage]

###!!! [Child][MessageChannel] Error: (msgtype=0x4A011A,name=PContent::Msg_AsyncMessage) Channel closing: too late to send/recv, messages will be lost

JavaScript error: chrome://global/content/process-content.js, line 51: NS_ERROR_UNEXPECTED: Component returned failure code: 0x8000ffff (NS_ERROR_UNEXPECTED) [nsIMessageSender.sendAsyncMessage]

###!!! [Child][MessageChannel] Error: (msgtype=0x2E0045,name=PBrowser::Msg___delete__) Channel closing: too late to send/recv, messages will be lost


###!!! [Child][OnMaybeDequeueOne] Error: Channel closing: too late to send/recv, messages will be lost


###!!! [Child][MessageChannel] Error: (msgtype=0x4A00C2,name=PContent::Msg_ConsoleMessage) Channel closing: too late to send/recv, messages will be lost

ages will be lost

JavaScript error: chrome://global/content/process-content.js, line 51: NS_ERROR_UNEXPECTED: Component returned failure code: 0x8000ffff (NS_ERROR_UNEXPECTED) [nsIMessageSender.sendAsyncMessage]

###!!! [Child][MessageChannel] Error: (msgtype=0x4A011A,name=PContent::Msg_AsyncMessage) Channel closing: too late to send/recv, messages will be lost

JavaScript error: chrome://global/content/process-content.js, line 51: NS_ERROR_UNEXPECTED: Component returned failure code: 0x8000ffff (NS_ERROR_UNEXPECTED) [nsIMessageSender.sendAsyncMessage]

###!!! [Child][MessageChannel] Error: (msgtype=0x4A011A,name=PContent::Msg_AsyncMessage) Channel closing: too late to send/recv, messages will be lost

JavaScript error: chrome://global/content/process-content.js, line 51: NS_ERROR_UNEXPECTED: Component returned failure code: 0x8000ffff (NS_ERROR_UNEXPECTED) [nsIMessageSender.sendAsyncMessage]

###!!! [Child][MessageChannel] Error: (msgtype=0x4A011A,name=PContent::Msg_AsyncMessage) Channel closing: too late to send/recv, messages will be lost

JavaScript error: chrome://global/content/process-content.js, line 51: NS_ERROR_UNEXPECTED: Component returned failure code: 0x8000ffff (NS_ERROR_UNEXPECTED) [nsIMessageSender.sendAsyncMessage]

###!!! [Child][MessageChannel] Error: (msgtype=0x4A011A,name=PContent::Msg_AsyncMessage) Channel closing: too late to send/recv, messages will be lost

JavaScript error: chrome://global/content/process-content.js, line 51: NS_ERROR_UNEXPECTED: Component returned failure code: 0x8000ffff (NS_ERROR_UNEXPECTED) [nsIMessageSender.sendAsyncMessage]

###!!! [Child][MessageChannel] Error: (msgtype=0x4A011A,name=PContent::Msg_AsyncMessage) Channel closing: too late to send/recv, messages will be lost

JavaScript error: chrome://global/content/process-content.js, line 51: NS_ERROR_UNEXPECTED: Component returned failure code: 0x8000ffff (NS_ERROR_UNEXPECTED) [nsIMessageSender.sendAsyncMessage]

###!!! [Child][MessageChannel] Error: (msgtype=0x4A011A,name=PContent::Msg_AsyncMessage) Channel closing: too late to send/recv, messages will be lost

JavaScript error: chrome://global/content/process-content.js, line 51: NS_ERROR_UNEXPECTED: Component returned failure code: 0x8000ffff (NS_ERROR_UNEXPECTED) [nsIMessageSender.sendAsyncMessage]

###!!! [Child][MessageChannel] Error: (msgtype=0x4A011A,name=PContent::Msg_AsyncMessage) Channel closing: too late to send/recv, messages will be lost

JavaScript error: chrome://global/content/process-content.js, line 51: NS_ERROR_UNEXPECTED: Component returned failure code: 0x8000ffff (NS_ERROR_UNEXPECTED) [nsIMessageSender.sendAsyncMessage]

###!!! [Parent][MessageChannel::Call] Error: Channel error: cannot send/recv


###!!! [Parent][MessageChannel::Call] Error: (msgtype=0xB80001,name=PPluginInstance::Msg___delete__) Channel error: cannot send/recv


###!!! [Child][MessageChannel] Error: (msgtype=0x4A011A,name=PContent::Msg_AsyncMessage) Channel closing: too late to send/recv, messages will be lost

JavaScript error: chrome://global/content/process-content.js, line 51: NS_ERROR_UNEXPECTED: Component returned failure code: 0x8000ffff (NS_ERROR_UNEXPECTED) [nsIMessageSender.sendAsyncMessage]

###!!! [Child][MessageChannel] Error: (msgtype=0x4A011A,name=PContent::Msg_AsyncMessage) Channel closing: too late to send/recv, messages will be lost

JavaScript error: chrome://global/content/process-content.js, line 51: NS_ERROR_UNEXPECTED: Component returned failure code: 0x8000ffff (NS_ERROR_UNEXPECTED) [nsIMessageSender.sendAsyncMessage]

###!!! [Child][MessageChannel] Error: (msgtype=0x4A011A,name=PContent::Msg_AsyncMessage) Channel closing: too late to send/recv, messages will be lost

JavaScript error: chrome://global/content/process-content.js, line 51: NS_ERROR_UNEXPECTED: Component returned failure code: 0x8000ffff (NS_ERROR_UNEXPECTED) [nsIMessageSender.sendAsyncMessage]

###!!! [Child][MessageChannel] Error: (msgtype=0x8E0007,name=PHttpChannel::Msg_Cancel) Channel closing: too late to send/recv, messages will be lost


###!!! [Parent][MessageChannel] Error: (msgtype=0xF80003,name=PStreamNotify::Msg___delete__) Channel error: cannot send/recv


###!!! [Parent][MessageChannel::Call] Error: (msgtype=0xB80023,name=PPluginInstance::Msg_NPP_Destroy) Channel error: cannot send/recv


###!!! [Parent][MessageChannel::Call] Error: (msgtype=0xB80001,name=PPluginInstance::Msg___delete__) Channel error: cannot send/recv


###!!! [Child][MessageChannel] Error: (msgtype=0x4A011A,name=PContent::Msg_AsyncMessage) Channel closing: too late to send/recv, messages will be lost

JavaScript error: chrome://global/content/process-content.js, line 51: NS_ERROR_UNEXPECTED: Component returned failure code: 0x8000ffff (NS_ERROR_UNEXPECTED) [nsIMessageSender.sendAsyncMessage]

###!!! [Child][MessageChannel] Error: (msgtype=0x4A011A,name=PContent::Msg_AsyncMessage) Channel closing: too late to send/recv, messages will be lost

JavaScript error: chrome://global/content/process-content.js, line 51: NS_ERROR_UNEXPECTED: Component returned failure code: 0x8000ffff (NS_ERROR_UNEXPECTED) [nsIMessageSender.sendAsyncMessage]

###!!! [Child][MessageChannel] Error: (msgtype=0x4A011A,name=PContent::Msg_AsyncMessage) Channel closing: too late to send/recv, messages will be lost

JavaScript error: chrome://global/content/process-content.js, line 51: NS_ERROR_UNEXPECTED: Component returned failure code: 0x8000ffff (NS_ERROR_UNEXPECTED) [nsIMessageSender.sendAsyncMessage]

###!!! [Child][MessageChannel] Error: (msgtype=0x4A011A,name=PContent::Msg_AsyncMessage) Channel closing: too late to send/recv, messages will be lost

JavaScript error: chrome://global/content/process-content.js, line 51: NS_ERROR_UNEXPECTED: Component returned failure code: 0x8000ffff (NS_ERROR_UNEXPECTED) [nsIMessageSender.sendAsyncMessage]

###!!! [Parent][MessageChannel::Call] Error: (msgtype=0xB80023,name=PPluginInstance::Msg_NPP_Destroy) Channel error: cannot send/recv


###!!! [Parent][MessageChannel::Call] Error: (msgtype=0xB80001,name=PPluginInstance::Msg___delete__) Channel error: cannot send/recv


###!!! [Parent][MessageChannel::Call] Error: (msgtype=0xB80023,name=PPluginInstance::Msg_NPP_Destroy) Channel error: cannot send/recv


###!!! [Parent][MessageChannel::Call] Error: (msgtype=0xB80001,name=PPluginInstance::Msg___delete__) Channel error: cannot send/recv


###!!! [Parent][MessageChannel::Call] Error: (msgtype=0xB80023,name=PPluginInstance::Msg_NPP_Destroy) Channel error: cannot send/recv


###!!! [Parent][MessageChannel::Call] Error: (msgtype=0xB80001,name=PPluginInstance::Msg___delete__) Channel error: cannot send/recv


###!!! [Parent][MessageChannel::Call] Error: (msgtype=0xB80023,name=PPluginInstance::Msg_NPP_Destroy) Channel error: cannot send/recv


###!!! [Parent][MessageChannel::Call] Error: (msgtype=0xB80001,name=PPluginInstance::Msg___delete__) Channel error: cannot send/recv


###!!! [Parent][MessageChannel::Call] Error: (msgtype=0xB80023,name=PPluginInstance::Msg_NPP_Destroy) Channel error: cannot send/recv


###!!! [Parent][MessageChannel::Call] Error: (msgtype=0xB80001,name=PPluginInstance::Msg___delete__) Channel error: cannot send/recv


###!!! [Parent][MessageChannel::Call] Error: (msgtype=0xB80023,name=PPluginInstance::Msg_NPP_Destroy) Channel error: cannot send/recv


###!!! [Parent][MessageChannel::Call] Error: (msgtype=0xB80001,name=PPluginInstance::Msg___delete__) Channel error: cannot send/recv


###!!! [Parent][MessageChannel::Call] Error: (msgtype=0xB80023,name=PPluginInstance::Msg_NPP_Destroy) Channel error: cannot send/recv


###!!! [Parent][MessageChannel::Call] Error: (msgtype=0xB80001,name=PPluginInstance::Msg___delete__) Channel error: cannot send/recv


###!!! [Parent][MessageChannel::Call] Error: (msgtype=0xB80023,name=PPluginInstance::Msg_NPP_Destroy) Channel error: cannot send/recv


###!!! [Parent][MessageChannel::Call] Error: (msgtype=0xB80001,name=PPluginInstance::Msg___delete__) Channel error: cannot send/recv


###!!! [Parent][MessageChannel::Call] Error: (msgtype=0xB80023,name=PPluginInstance::Msg_NPP_Destroy) Channel error: cannot send/recv


###!!! [Parent][MessageChannel::Call] Error: (msgtype=0xB80001,name=PPluginInstance::Msg___delete__) Channel error: cannot send/recv


###!!! [Child][MessageChannel] Error: (msgtype=0x4A011A,name=PContent::Msg_AsyncMessage) Channel closing: too late to send/recv, messages will be lost

JavaScript error: chrome://global/content/process-content.js, line 51: NS_ERROR_UNEXPECTED: Component returned failure code: 0x8000ffff (NS_ERROR_UNEXPECTED) [nsIMessageSender.sendAsyncMessage]

###!!! [Child][MessageChannel] Error: (msgtype=0x4A011A,name=PContent::Msg_AsyncMessage) Channel closing: too late to send/recv, messages will be lost

JavaScript error: chrome://global/content/process-content.js, line 51: NS_ERROR_UNEXPECTED: Component returned failure code: 0x8000ffff (NS_ERROR_UNEXPECTED) [nsIMessageSender.sendAsyncMessage]

###!!! [Child][MessageChannel] Error: (msgtype=0x4A011A,name=PContent::Msg_AsyncMessage) Channel closing: too late to send/recv, messages will be lost

JavaScript error: chrome://global/content/process-content.js, line 51: NS_ERROR_UNEXPECTED: Component returned failure code: 0x8000ffff (NS_ERROR_UNEXPECTED) [nsIMessageSender.sendAsyncMessage]

###!!! [Child][MessageChannel] Error: (msgtype=0x2E0045,name=PBrowser::Msg___delete__) Channel closing: too late to send/recv, messages will be lost


###!!! [Child][OnMaybeDequeueOne] Error: Channel closing: too late to send/recv, messages will be lost

or: cannot send/recv


###!!! [Parent][MessageChannel::Call] Error: (msgtype=0xB80023,name=PPluginInstance::Msg_NPP_Destroy) Channel error: cannot send/recv


###!!! [Parent][MessageChannel::Call] Error: (msgtype=0xB80001,name=PPluginInstance::Msg___delete__) Channel error: cannot send/recv


###!!! [Parent][MessageChannel::Call] Error: (msgtype=0xB80023,name=PPluginInstance::Msg_NPP_Destroy) Channel error: cannot send/recv


###!!! [Parent][MessageChannel::Call] Error: (msgtype=0xB80001,name=PPluginInstance::Msg___delete__) Channel error: cannot send/recv


###!!! [Parent][MessageChannel::Call] Error: (msgtype=0xB80023,name=PPluginInstance::Msg_NPP_Destroy) Channel error: cannot send/recv


###!!! [Parent][MessageChannel::Call] Error: (msgtype=0xB80001,name=PPluginInstance::Msg___delete__) Channel error: cannot send/recv


###!!! [Parent][MessageChannel::Call] Error: (msgtype=0xB80023,name=PPluginInstance::Msg_NPP_Destroy) Channel error: cannot send/recv


###!!! [Parent][MessageChannel::Call] Error: (msgtype=0xB80001,name=PPluginInstance::Msg___delete__) Channel error: cannot send/recv


###!!! [Parent][MessageChannel::Call] Error: (msgtype=0xB80023,name=PPluginInstance::Msg_NPP_Destroy) Channel error: cannot send/recv


###!!! [Parent][MessageChannel::Call] Error: (msgtype=0xB80001,name=PPluginInstance::Msg___delete__) Channel error: cannot send/recv


###!!! [Parent][MessageChannel::Call] Error: (msgtype=0xB80023,name=PPluginInstance::Msg_NPP_Destroy) Channel error: cannot send/recv


###!!! [Parent][MessageChannel::Call] Error: (msgtype=0xB80001,name=PPluginInstance::Msg___delete__) Channel error: cannot send/recv


###!!! [Parent][MessageChannel::Call] Error: (msgtype=0xB80023,name=PPluginInstance::Msg_NPP_Destroy) Channel error: cannot send/recv


###!!! [Parent][MessageChannel::Call] Error: (msgtype=0xB80001,name=PPluginInstance::Msg___delete__) Channel error: cannot send/recv


###!!! [Parent][MessageChannel::Call] Error: (msgtype=0xB80023,name=PPluginInstance::Msg_NPP_Destroy) Channel error: cannot send/recv


###!!! [Parent][MessageChannel::Call] Error: (msgtype=0xB80001,name=PPluginInstance::Msg___delete__) Channel error: cannot send/recv


###!!! [Parent][MessageChannel::Call] Error: (msgtype=0xB80023,name=PPluginInstance::Msg_NPP_Destroy) Channel error: cannot send/recv


###!!! [Parent][MessageChannel::Call] Error: (msgtype=0xB80001,name=PPluginInstance::Msg___delete__) Channel error: cannot send/recv


###!!! [Parent][MessageChannel::Call] Error: (msgtype=0xB80023,name=PPluginInstance::Msg_NPP_Destroy) Channel error: cannot send/recv


###!!! [Parent][MessageChannel::Call] Error: (msgtype=0xB80001,name=PPluginInstance::Msg___delete__) Channel error: cannot send/recv


###!!! [Child][MessageChannel] Error: (msgtype=0x4A011A,name=PContent::Msg_AsyncMessage) Channel closing: too late to send/recv, messages will be lost

JavaScript error: chrome://global/content/process-content.js, line 51: NS_ERROR_UNEXPECTED: Component returned failure code: 0x8000ffff (NS_ERROR_UNEXPECTED) [nsIMessageSender.sendAsyncMessage]

###!!! [Child][MessageChannel] Error: (msgtype=0x4A011A,name=PContent::Msg_AsyncMessage) Channel closing: too late to send/recv, messages will be lost

JavaScript error: chrome://global/content/process-content.js, line 51: NS_ERROR_UNEXPECTED: Component returned failure code: 0x8000ffff (NS_ERROR_UNEXPECTED) [nsIMessageSender.sendAsyncMessage]

###!!! [Child][MessageChannel] Error: (msgtype=0x4A011A,name=PContent::Msg_AsyncMessage) Channel closing: too late to send/recv, messages will be lost

JavaScript error: chrome://global/content/process-content.js, line 51: NS_ERROR_UNEXPECTED: Component returned failure code: 0x8000ffff (NS_ERROR_UNEXPECTED) [nsIMessageSender.sendAsyncMessage]

###!!! [Child][MessageChannel] Error: (msgtype=0x2E0045,name=PBrowser::Msg___delete__) Channel closing: too late to send/recv, messages will be lost


###!!! [Child][OnMaybeDequeueOne] Error: Channel closing: too late to send/recv, messages will be lost


###!!! [Child][MessageChannel] Error: (msgtype=0x4A00C2,name=PContent::Msg_ConsoleMessage) Channel closing: too late to send/recv, messages will be lost

osing: too late to send/recv, messages will be lost

JavaScript error: chrome://global/content/process-content.js, line 51: NS_ERROR_UNEXPECTED: Component returned failure code: 0x8000ffff (NS_ERROR_UNEXPECTED) [nsIMessageSender.sendAsyncMessage]

###!!! [Child][MessageChannel] Error: (msgtype=0x4A011A,name=PContent::Msg_AsyncMessage) Channel closing: too late to send/recv, messages will be lost

JavaScript error: chrome://global/content/process-content.js, line 51: NS_ERROR_UNEXPECTED: Component returned failure code: 0x8000ffff (NS_ERROR_UNEXPECTED) [nsIMessageSender.sendAsyncMessage]

###!!! [Child][MessageChannel] Error: (msgtype=0x2E0045,name=PBrowser::Msg___delete__) Channel closing: too late to send/recv, messages will be lost


###!!! [Child][OnMaybeDequeueOne] Error: Channel closing: too late to send/recv, messages will be lost

